[2020-08-25 13:15:05] main_logger.WARNING: novi korisnik [] []
[2020-08-26 07:48:05] main_logger.WARNING: novi korisnik [] []
[2020-08-26 07:49:24] main_logger.WARNING: novi korisnik [] []
[2020-08-26 07:50:06] main_logger.WARNING: novi korisnik [] []
[2020-08-26 11:12:46] main_logger.WARNING: novi korisnik [] []
[2020-08-26 13:16:23] main_logger.WARNING: novi korisnik [] []
[2020-08-26 13:16:34] main_logger.WARNING: novi korisnik [] []
[2020-08-26 14:05:40] main_logger.WARNING: novi korisnik [] []
[2020-08-28 11:49:30] main_logger.WARNING: novi korisnik [] []
[2020-08-28 11:49:36] main_logger.WARNING: novi korisnik [] []
[2020-08-28 14:50:07] main_logger.WARNING: novi korisnik [] []
[2020-08-28 14:58:46] main_logger.WARNING: novi korisnik [] []
[2020-08-28 15:22:17] main_logger.WARNING: novi korisnik [] []
[2020-08-30 14:00:58] main_logger.WARNING: novi korisnik [] []
[2020-08-30 15:34:15] main_logger.WARNING: novi korisnik [] []
[2020-08-30 15:34:21] main_logger.WARNING: novi korisnik [] []
[2020-08-31 07:47:42] main_logger.WARNING: novi korisnik [] []
[2020-08-31 07:49:44] main_logger.WARNING: novi korisnik [] []
[2020-08-31 07:49:48] main_logger.WARNING: novi korisnik [] []
[2020-08-31 07:49:53] main_logger.WARNING: novi korisnik [] []
[2020-08-31 07:49:55] main_logger.WARNING: novi korisnik [] []
[2020-08-31 07:49:57] main_logger.WARNING: novi korisnik [] []
[2020-08-31 07:49:58] main_logger.WARNING: novi korisnik [] []
[2020-08-31 07:51:33] main_logger.WARNING: novi korisnik [] []
[2020-08-31 07:56:42] main_logger.WARNING: novi korisnik [] []
[2020-08-31 07:56:51] main_logger.WARNING: novi korisnik [] []
[2020-08-31 07:56:58] main_logger.WARNING: novi korisnik [] []
[2020-08-31 07:56:59] main_logger.WARNING: novi korisnik [] []
[2020-08-31 07:57:00] main_logger.WARNING: novi korisnik [] []
[2020-08-31 08:31:42] main_logger.WARNING: novi korisnik [] []
[2020-08-31 08:31:45] main_logger.WARNING: novi korisnik [] []
[2020-08-31 08:31:48] main_logger.WARNING: novi korisnik [] []
[2020-08-31 08:31:50] main_logger.WARNING: novi korisnik [] []
[2020-08-31 08:31:54] main_logger.WARNING: novi korisnik [] []
[2020-08-31 09:00:48] main_logger.WARNING: novi korisnik [] []
[2020-08-31 09:00:51] main_logger.WARNING: novi korisnik [] []
[2020-08-31 09:01:00] main_logger.WARNING: novi korisnik [] []
[2020-08-31 11:56:21] main_logger.WARNING: novi korisnik [] []
[2020-08-31 12:07:49] main_logger.WARNING: novi korisnik [] []
[2020-08-31 12:09:14] main_logger.WARNING: novi korisnik [] []
[2020-08-31 12:11:24] main_logger.WARNING: novi korisnik [] []
[2020-08-31 12:12:00] main_logger.WARNING: novi korisnik [] []
[2020-08-31 12:13:00] main_logger.WARNING: novi korisnik [] []
[2020-08-31 12:13:01] main_logger.WARNING: novi korisnik [] []
[2020-08-31 12:14:07] main_logger.WARNING: novi korisnik [] []
[2020-08-31 12:14:09] main_logger.WARNING: novi korisnik [] []
[2020-08-31 12:14:46] main_logger.WARNING: novi korisnik [] []
[2020-08-31 12:14:48] main_logger.WARNING: novi korisnik [] []
[2020-08-31 12:15:00] main_logger.WARNING: novi korisnik [] []
[2020-08-31 12:18:17] main_logger.WARNING: novi korisnik [] []
[2020-08-31 12:18:23] main_logger.WARNING: novi korisnik [] []
[2020-08-31 12:18:28] main_logger.WARNING: novi korisnik [] []
[2020-08-31 12:22:50] main_logger.WARNING: novi korisnik [] []
[2020-08-31 12:24:04] main_logger.WARNING: novi korisnik [] []
[2020-08-31 12:24:09] main_logger.WARNING: novi korisnik [] []
[2020-08-31 12:49:57] main_logger.WARNING: novi korisnik [] []
[2020-08-31 12:58:39] main_logger.WARNING: novi korisnik [] []
[2020-08-31 14:15:00] main_logger.WARNING: novi korisnik [] []
[2020-08-31 14:15:09] main_logger.WARNING: novi korisnik [] []
[2020-08-31 14:15:12] main_logger.WARNING: novi korisnik [] []
[2020-08-31 16:49:54] main_logger.WARNING: novi korisnik [] []
[2020-09-02 07:45:20] main_logger.WARNING: novi korisnik [] []
[2020-09-02 08:02:29] main_logger.WARNING: novi korisnik [] []
[2020-09-02 08:02:31] main_logger.WARNING: novi korisnik [] []
[2020-09-02 08:45:39] main_logger.WARNING: novi korisnik [] []
[2020-09-02 10:50:31] main_logger.WARNING: novi korisnik [] []
[2020-09-02 13:32:46] main_logger.WARNING: novi korisnik [] []
[2020-09-02 13:47:48] main_logger.WARNING: novi korisnik [] []
[2020-09-02 14:44:08] main_logger.WARNING: novi korisnik [] []
[2020-09-02 14:45:53] main_logger.WARNING: novi korisnik [] []
[2020-09-02 14:46:10] main_logger.WARNING: novi korisnik [] []
[2020-09-02 15:03:38] main_logger.WARNING: novi korisnik [] []
[2020-09-02 15:03:47] main_logger.WARNING: novi korisnik [] []
[2020-09-02 15:06:26] main_logger.WARNING: novi korisnik [] []
[2020-09-03 10:16:36] main_logger.WARNING: novi korisnik [] []
[2020-09-03 10:21:04] main_logger.WARNING: novi korisnik [] []
[2020-09-03 10:21:11] main_logger.WARNING: novi korisnik [] []
[2020-09-03 10:28:22] main_logger.WARNING: novi korisnik [] []
[2020-09-03 10:28:48] main_logger.WARNING: novi korisnik [] []
[2020-09-03 10:35:13] main_logger.WARNING: novi korisnik [] []
[2020-09-04 07:49:21] main_logger.WARNING: novi korisnik [] []
[2020-09-04 09:53:20] main_logger.WARNING: novi korisnik [] []
[2020-09-04 09:54:17] main_logger.WARNING: novi korisnik [] []
[2020-09-04 15:14:43] main_logger.WARNING: novi korisnik [] []
[2020-09-04 15:14:45] main_logger.WARNING: novi korisnik [] []
[2020-09-04 15:28:47] main_logger.WARNING: novi korisnik [] []
[2020-09-04 15:28:50] main_logger.WARNING: novi korisnik [] []
[2020-09-04 15:29:35] main_logger.WARNING: novi korisnik [] []
[2020-09-04 15:29:48] main_logger.WARNING: novi korisnik [] []
[2020-09-04 15:29:55] main_logger.WARNING: novi korisnik [] []
[2020-09-04 15:30:23] main_logger.WARNING: novi korisnik [] []
[2020-09-04 15:31:04] main_logger.WARNING: novi korisnik [] []
[2020-09-04 15:31:10] main_logger.WARNING: novi korisnik [] []
[2020-09-04 15:31:20] main_logger.WARNING: novi korisnik [] []
[2020-09-04 15:31:57] main_logger.WARNING: novi korisnik [] []
[2020-09-04 15:32:34] main_logger.WARNING: novi korisnik [] []
[2020-09-04 15:32:52] main_logger.WARNING: novi korisnik [] []
[2020-09-04 15:32:54] main_logger.WARNING: novi korisnik [] []
[2020-09-04 18:04:36] main_logger.WARNING: novi korisnik [] []
[2020-09-04 18:09:05] main_logger.WARNING: novi korisnik [] []
[2020-09-05 13:00:56] main_logger.WARNING: novi korisnik [] []
[2020-09-05 13:00:58] main_logger.WARNING: novi korisnik [] []
[2020-09-05 13:01:10] main_logger.WARNING: novi korisnik [] []
[2020-09-05 13:33:00] main_logger.WARNING: novi korisnik [] []
[2020-09-05 13:54:08] main_logger.WARNING: novi korisnik [] []
[2020-09-05 16:06:01] main_logger.WARNING: novi korisnik [] []
[2020-09-05 16:20:21] main_logger.WARNING: novi korisnik [] []
[2020-09-06 13:45:24] main_logger.WARNING: novi korisnik [] []
[2020-09-06 14:51:03] main_logger.WARNING: novi korisnik [] []
[2020-09-06 15:17:32] main_logger.WARNING: novi korisnik [] []
[2020-09-06 15:20:02] main_logger.WARNING: novi korisnik [] []
[2020-09-06 15:20:32] main_logger.WARNING: novi korisnik [] []
[2020-09-06 15:20:48] main_logger.WARNING: novi korisnik [] []
[2020-09-06 15:21:18] main_logger.WARNING: novi korisnik [] []
[2020-09-06 15:22:21] main_logger.WARNING: novi korisnik [] []
[2020-09-06 15:22:38] main_logger.WARNING: novi korisnik [] []
[2020-09-06 15:23:14] main_logger.WARNING: novi korisnik [] []
[2020-09-06 15:24:17] main_logger.WARNING: novi korisnik [] []
[2020-09-06 15:24:43] main_logger.WARNING: novi korisnik [] []
[2020-09-06 15:24:59] main_logger.WARNING: novi korisnik [] []
[2020-09-06 15:25:04] main_logger.WARNING: novi korisnik [] []
[2020-09-06 15:25:24] main_logger.WARNING: novi korisnik [] []
[2020-09-06 15:25:41] main_logger.WARNING: novi korisnik [] []
[2020-09-06 15:26:17] main_logger.WARNING: novi korisnik [] []
[2020-09-06 15:26:38] main_logger.WARNING: novi korisnik [] []
[2020-09-06 15:26:54] main_logger.WARNING: novi korisnik [] []
[2020-09-06 15:27:12] main_logger.WARNING: novi korisnik [] []
[2020-09-06 15:27:26] main_logger.WARNING: novi korisnik [] []
[2020-09-06 15:28:01] main_logger.WARNING: novi korisnik [] []
[2020-09-06 15:28:30] main_logger.WARNING: novi korisnik [] []
[2020-09-06 15:28:43] main_logger.WARNING: novi korisnik [] []
[2020-09-06 15:29:00] main_logger.WARNING: novi korisnik [] []
[2020-09-06 15:29:24] main_logger.WARNING: novi korisnik [] []
[2020-09-06 15:29:46] main_logger.WARNING: novi korisnik [] []
[2020-09-06 15:30:09] main_logger.WARNING: novi korisnik [] []
[2020-09-06 17:56:26] main_logger.WARNING: novi korisnik [] []
[2020-09-06 17:56:39] main_logger.WARNING: novi korisnik [] []
[2020-09-06 17:56:41] main_logger.WARNING: novi korisnik [] []
[2020-09-08 12:28:28] main_logger.WARNING: novi korisnik [] []
[2020-09-08 12:28:51] main_logger.WARNING: novi korisnik [] []
[2020-09-08 12:28:57] main_logger.WARNING: novi korisnik [] []
[2020-09-08 12:28:59] main_logger.WARNING: novi korisnik [] []
[2020-09-08 12:29:02] main_logger.WARNING: novi korisnik [] []
[2020-09-08 12:30:37] main_logger.WARNING: novi korisnik [] []
[2020-09-08 12:30:43] main_logger.WARNING: novi korisnik [] []
[2020-09-08 12:33:57] main_logger.WARNING: novi korisnik [] []
[2020-09-08 12:34:17] main_logger.WARNING: novi korisnik [] []
[2020-09-08 12:34:33] main_logger.WARNING: novi korisnik [] []
[2020-09-08 12:34:42] main_logger.WARNING: novi korisnik [] []
[2020-09-08 12:34:45] main_logger.WARNING: novi korisnik [] []
[2020-09-08 12:35:40] main_logger.WARNING: novi korisnik [] []
[2020-09-08 12:35:48] main_logger.WARNING: novi korisnik [] []
[2020-09-08 12:35:59] main_logger.WARNING: novi korisnik [] []
[2020-09-08 12:36:18] main_logger.WARNING: novi korisnik [] []
[2020-09-08 12:36:32] main_logger.WARNING: novi korisnik [] []
[2020-09-08 12:36:44] main_logger.WARNING: novi korisnik [] []
[2020-09-08 12:36:51] main_logger.WARNING: novi korisnik [] []
[2020-09-08 12:37:23] main_logger.WARNING: novi korisnik [] []
[2020-09-11 14:09:05] main_logger.WARNING: kriterijum za pretragu je prazan ili je kraci od 4 karaktera [] []
[2020-09-12 11:53:56] main_logger.WARNING: kriterijum za pretragu je prazan ili je kraci od 4 karaktera [] []
[2020-09-12 12:32:19] main_logger.WARNING: istekla sesija ili uspesno promenjena lozinka [] []
[2020-09-12 12:40:22] main_logger.WARNING: istekla sesija ili uspesno promenjena lozinka [] []
[2020-09-12 14:05:52] main_logger.WARNING: kriterijum za pretragu je prazan ili je kraci od 4 karaktera [] []
[2020-09-12 14:51:59] main_logger.WARNING: objava ne sadrzi naslov ili sadrzaj [] []
[2020-09-12 15:24:12] main_logger.WARNING: kriterijum za pretragu je prazan ili je kraci od 4 karaktera [] []
[2020-09-12 15:24:16] main_logger.WARNING: kriterijum za pretragu je prazan ili je kraci od 4 karaktera [] []
[2020-09-12 15:42:01] main_logger.WARNING: kriterijum za pretragu je prazan ili je kraci od 4 karaktera [] []
[2020-09-13 09:03:33] main_logger.WARNING: kriterijum za pretragu je prazan ili je kraci od 4 karaktera [] []
[2020-09-13 09:03:39] main_logger.WARNING: kriterijum za pretragu je prazan ili je kraci od 4 karaktera [] []
[2020-09-13 09:03:40] main_logger.WARNING: kriterijum za pretragu je prazan ili je kraci od 4 karaktera [] []
[2020-09-13 10:41:09] main_logger.WARNING: kriterijum za pretragu je prazan ili je kraci od 4 karaktera [] []
[2020-09-13 10:48:40] main_logger.WARNING: istekla sesija preduzece [] []
[2020-09-13 10:49:29] main_logger.WARNING: istekla sesija preduzece [] []
