
[2020-09-12 15:41:41] main_logger.INFO: korisnik se izlogovao  [] []
[2020-09-12 15:41:41] main_logger.INFO: admin se izlogovao [] []
[2020-09-12 15:41:41] main_logger.INFO: neulogovan korisnik pristupa stranici loby [] []
[2020-09-12 15:42:02] main_logger.INFO: admin pristupa stranici loby [] []
[2020-09-13 08:58:09] main_logger.INFO: neulogovan korisnik pristupa stranici loby [] []
[2020-09-13 08:58:15] main_logger.INFO: pristup stranici za vrstu logovanja [] []
[2020-09-13 08:58:16] main_logger.INFO: nelogovan korisnik pristupa stranici loginPravno.twig [] []
[2020-09-13 09:03:35] main_logger.INFO: pristup stranici za vrstu logovanja [] []
[2020-09-13 09:03:36] main_logger.INFO: pristup stranici za vrstu registracije [] []
[2020-09-13 09:03:37] main_logger.INFO: neulogovan korisnik pristupa stranici loby [] []
[2020-09-13 09:03:45] main_logger.INFO: pretraga nije nista pronasla [] []
[2020-09-13 09:03:49] main_logger.INFO: pretraga je pronasla podudaranja [] []
[2020-09-13 09:03:52] main_logger.INFO: neulogovan korisnik pristupa stranici loby [] []
[2020-09-13 09:07:34] main_logger.INFO: admin pristupa stranici loby [] []
[2020-09-13 09:07:46] main_logger.INFO: korisnik se izlogovao  [] []
[2020-09-13 09:07:46] main_logger.INFO: admin se izlogovao [] []
[2020-09-13 09:07:46] main_logger.INFO: neulogovan korisnik pristupa stranici loby [] []
[2020-09-13 10:09:23] main_logger.INFO: pristup stranici za vrstu logovanja [] []
[2020-09-13 10:09:25] main_logger.INFO: nelogovan korisnik pristupa stranici loginPravno.twig [] []
[2020-09-13 10:09:29] main_logger.INFO: preduzece se ulogovao id:6 [] []
[2020-09-13 10:09:29] main_logger.INFO: ulogovan korisnik pristupa stranici login.twig, biva preusmeren na lobyid:6 [] []
[2020-09-13 10:09:29] main_logger.INFO: nelogovan korisnik pristupa stranici login.twig [] []
[2020-09-13 10:09:29] main_logger.INFO: ulogovan korisnik pristupa stranici login.twig, biva preusmeren na lobyid:6 [] []
[2020-09-13 10:09:29] main_logger.INFO: nelogovan korisnik pristupa stranici login.twig [] []
[2020-09-13 10:09:29] main_logger.INFO: ulogovan korisnik pristupa stranici login.twig, biva preusmeren na lobyid:6 [] []
[2020-09-13 10:09:29] main_logger.INFO: nelogovan korisnik pristupa stranici login.twig [] []
[2020-09-13 10:09:29] main_logger.INFO: ulogovan korisnik pristupa stranici login.twig, biva preusmeren na lobyid:6 [] []
[2020-09-13 10:09:29] main_logger.INFO: nelogovan korisnik pristupa stranici login.twig [] []
[2020-09-13 10:09:30] main_logger.INFO: ulogovan korisnik pristupa stranici login.twig, biva preusmeren na lobyid:6 [] []
[2020-09-13 10:09:30] main_logger.INFO: nelogovan korisnik pristupa stranici login.twig [] []
[2020-09-13 10:09:30] main_logger.INFO: ulogovan korisnik pristupa stranici login.twig, biva preusmeren na lobyid:6 [] []
[2020-09-13 10:09:30] main_logger.INFO: nelogovan korisnik pristupa stranici login.twig [] []
[2020-09-13 10:09:30] main_logger.INFO: ulogovan korisnik pristupa stranici login.twig, biva preusmeren na lobyid:6 [] []
[2020-09-13 10:09:30] main_logger.INFO: nelogovan korisnik pristupa stranici login.twig [] []
[2020-09-13 10:09:30] main_logger.INFO: ulogovan korisnik pristupa stranici login.twig, biva preusmeren na lobyid:6 [] []
[2020-09-13 10:09:30] main_logger.INFO: nelogovan korisnik pristupa stranici login.twig [] []
[2020-09-13 10:09:30] main_logger.INFO: ulogovan korisnik pristupa stranici login.twig, biva preusmeren na lobyid:6 [] []
[2020-09-13 10:09:30] main_logger.INFO: nelogovan korisnik pristupa stranici login.twig [] []
[2020-09-13 10:09:30] main_logger.INFO: ulogovan korisnik pristupa stranici login.twig, biva preusmeren na lobyid:6 [] []
[2020-09-13 10:09:30] main_logger.INFO: nelogovan korisnik pristupa stranici login.twig [] []
[2020-09-13 10:09:30] main_logger.INFO: ulogovan korisnik pristupa stranici login.twig, biva preusmeren na lobyid:6 [] []
[2020-09-13 10:09:30] main_logger.INFO: nelogovan korisnik pristupa stranici login.twig [] []
[2020-09-13 10:09:31] main_logger.INFO: ulogovan korisnik pristupa stranici login.twig, biva preusmeren na lobyid:6 [] []
[2020-09-13 10:09:31] main_logger.INFO: nelogovan korisnik pristupa stranici login.twig [] []
[2020-09-13 10:09:31] main_logger.INFO: ulogovan korisnik pristupa stranici login.twig, biva preusmeren na lobyid:6 [] []
[2020-09-13 10:09:31] main_logger.INFO: nelogovan korisnik pristupa stranici login.twig [] []
[2020-09-13 10:09:31] main_logger.INFO: ulogovan korisnik pristupa stranici login.twig, biva preusmeren na lobyid:6 [] []
[2020-09-13 10:09:31] main_logger.INFO: nelogovan korisnik pristupa stranici login.twig [] []
[2020-09-13 10:09:31] main_logger.INFO: ulogovan korisnik pristupa stranici login.twig, biva preusmeren na lobyid:6 [] []
[2020-09-13 10:09:31] main_logger.INFO: nelogovan korisnik pristupa stranici login.twig [] []
[2020-09-13 10:09:31] main_logger.INFO: ulogovan korisnik pristupa stranici login.twig, biva preusmeren na lobyid:6 [] []
[2020-09-13 10:09:31] main_logger.INFO: nelogovan korisnik pristupa stranici login.twig [] []
[2020-09-13 10:09:31] main_logger.INFO: ulogovan korisnik pristupa stranici login.twig, biva preusmeren na lobyid:6 [] []
[2020-09-13 10:09:31] main_logger.INFO: nelogovan korisnik pristupa stranici login.twig [] []
[2020-09-13 10:09:32] main_logger.INFO: ulogovan korisnik pristupa stranici login.twig, biva preusmeren na lobyid:6 [] []
[2020-09-13 10:09:32] main_logger.INFO: nelogovan korisnik pristupa stranici login.twig [] []
[2020-09-13 10:09:32] main_logger.INFO: ulogovan korisnik pristupa stranici login.twig, biva preusmeren na lobyid:6 [] []
[2020-09-13 10:09:32] main_logger.INFO: nelogovan korisnik pristupa stranici login.twig [] []
[2020-09-13 10:09:34] main_logger.INFO: ulogovan korisnik pristupa stranici login.twig, biva preusmeren na lobyid:6 [] []
[2020-09-13 10:09:34] main_logger.INFO: nelogovan korisnik pristupa stranici login.twig [] []
[2020-09-13 10:09:35] main_logger.INFO: ulogovan korisnik pristupa stranici login.twig, biva preusmeren na lobyid:6 [] []
[2020-09-13 10:09:35] main_logger.INFO: nelogovan korisnik pristupa stranici login.twig [] []
[2020-09-13 10:09:35] main_logger.INFO: ulogovan korisnik pristupa stranici login.twig, biva preusmeren na lobyid:6 [] []
[2020-09-13 10:09:35] main_logger.INFO: nelogovan korisnik pristupa stranici login.twig [] []
[2020-09-13 10:09:35] main_logger.INFO: ulogovan korisnik pristupa stranici login.twig, biva preusmeren na lobyid:6 [] []
[2020-09-13 10:09:35] main_logger.INFO: nelogovan korisnik pristupa stranici login.twig [] []
[2020-09-13 10:09:35] main_logger.INFO: ulogovan korisnik pristupa stranici login.twig, biva preusmeren na lobyid:6 [] []
[2020-09-13 10:09:35] main_logger.INFO: nelogovan korisnik pristupa stranici login.twig [] []
[2020-09-13 10:09:35] main_logger.INFO: ulogovan korisnik pristupa stranici login.twig, biva preusmeren na lobyid:6 [] []
[2020-09-13 10:09:35] main_logger.INFO: nelogovan korisnik pristupa stranici login.twig [] []
[2020-09-13 10:09:36] main_logger.INFO: ulogovan korisnik pristupa stranici login.twig, biva preusmeren na lobyid:6 [] []
[2020-09-13 10:09:36] main_logger.INFO: nelogovan korisnik pristupa stranici login.twig [] []
[2020-09-13 10:09:36] main_logger.INFO: ulogovan korisnik pristupa stranici login.twig, biva preusmeren na lobyid:6 [] []
[2020-09-13 10:09:36] main_logger.INFO: nelogovan korisnik pristupa stranici login.twig [] []
[2020-09-13 10:09:36] main_logger.INFO: ulogovan korisnik pristupa stranici login.twig, biva preusmeren na lobyid:6 [] []
[2020-09-13 10:09:36] main_logger.INFO: nelogovan korisnik pristupa stranici login.twig [] []
[2020-09-13 10:09:36] main_logger.INFO: ulogovan korisnik pristupa stranici login.twig, biva preusmeren na lobyid:6 [] []
[2020-09-13 10:09:36] main_logger.INFO: nelogovan korisnik pristupa stranici login.twig [] []
[2020-09-13 10:09:36] main_logger.INFO: ulogovan korisnik pristupa stranici login.twig, biva preusmeren na lobyid:6 [] []
[2020-09-13 10:09:36] main_logger.INFO: nelogovan korisnik pristupa stranici login.twig [] []
[2020-09-13 10:09:37] main_logger.INFO: ulogovan korisnik pristupa stranici login.twig, biva preusmeren na lobyid:6 [] []
[2020-09-13 10:09:37] main_logger.INFO: nelogovan korisnik pristupa stranici login.twig [] []
[2020-09-13 10:09:37] main_logger.INFO: ulogovan korisnik pristupa stranici login.twig, biva preusmeren na lobyid:6 [] []
[2020-09-13 10:09:37] main_logger.INFO: nelogovan korisnik pristupa stranici login.twig [] []
[2020-09-13 10:09:37] main_logger.INFO: ulogovan korisnik pristupa stranici login.twig, biva preusmeren na lobyid:6 [] []
[2020-09-13 10:09:37] main_logger.INFO: nelogovan korisnik pristupa stranici login.twig [] []
[2020-09-13 10:09:37] main_logger.INFO: ulogovan korisnik pristupa stranici login.twig, biva preusmeren na lobyid:6 [] []
[2020-09-13 10:09:37] main_logger.INFO: nelogovan korisnik pristupa stranici login.twig [] []
[2020-09-13 10:09:37] main_logger.INFO: ulogovan korisnik pristupa stranici login.twig, biva preusmeren na lobyid:6 [] []
[2020-09-13 10:09:37] main_logger.INFO: nelogovan korisnik pristupa stranici login.twig [] []
[2020-09-13 10:09:38] main_logger.INFO: ulogovan korisnik pristupa stranici login.twig, biva preusmeren na lobyid:6 [] []
[2020-09-13 10:09:38] main_logger.INFO: nelogovan korisnik pristupa stranici login.twig [] []
[2020-09-13 10:09:38] main_logger.INFO: ulogovan korisnik pristupa stranici login.twig, biva preusmeren na lobyid:6 [] []
[2020-09-13 10:09:38] main_logger.INFO: nelogovan korisnik pristupa stranici login.twig [] []
[2020-09-13 10:09:38] main_logger.INFO: ulogovan korisnik pristupa stranici login.twig, biva preusmeren na lobyid:6 [] []
[2020-09-13 10:09:38] main_logger.INFO: nelogovan korisnik pristupa stranici login.twig [] []
[2020-09-13 10:09:38] main_logger.INFO: ulogovan korisnik pristupa stranici login.twig, biva preusmeren na lobyid:6 [] []
[2020-09-13 10:09:38] main_logger.INFO: nelogovan korisnik pristupa stranici login.twig [] []
[2020-09-13 10:09:38] main_logger.INFO: ulogovan korisnik pristupa stranici login.twig, biva preusmeren na lobyid:6 [] []
[2020-09-13 10:09:38] main_logger.INFO: nelogovan korisnik pristupa stranici login.twig [] []
[2020-09-13 10:09:38] main_logger.INFO: ulogovan korisnik pristupa stranici login.twig, biva preusmeren na lobyid:6 [] []
[2020-09-13 10:09:38] main_logger.INFO: nelogovan korisnik pristupa stranici login.twig [] []
[2020-09-13 10:09:38] main_logger.INFO: ulogovan korisnik pristupa stranici login.twig, biva preusmeren na lobyid:6 [] []
[2020-09-13 10:09:38] main_logger.INFO: nelogovan korisnik pristupa stranici login.twig [] []
[2020-09-13 10:09:39] main_logger.INFO: ulogovan korisnik pristupa stranici login.twig, biva preusmeren na lobyid:6 [] []
[2020-09-13 10:09:39] main_logger.INFO: nelogovan korisnik pristupa stranici login.twig [] []
[2020-09-13 10:09:39] main_logger.INFO: ulogovan korisnik pristupa stranici login.twig, biva preusmeren na lobyid:6 [] []
[2020-09-13 10:09:39] main_logger.INFO: nelogovan korisnik pristupa stranici login.twig [] []
[2020-09-13 10:09:39] main_logger.INFO: ulogovan korisnik pristupa stranici login.twig, biva preusmeren na lobyid:6 [] []
[2020-09-13 10:09:39] main_logger.INFO: nelogovan korisnik pristupa stranici login.twig [] []
[2020-09-13 10:09:39] main_logger.INFO: ulogovan korisnik pristupa stranici login.twig, biva preusmeren na lobyid:6 [] []
[2020-09-13 10:09:39] main_logger.INFO: nelogovan korisnik pristupa stranici login.twig [] []
[2020-09-13 10:09:39] main_logger.INFO: ulogovan korisnik pristupa stranici login.twig, biva preusmeren na lobyid:6 [] []
[2020-09-13 10:09:39] main_logger.INFO: nelogovan korisnik pristupa stranici login.twig [] []
[2020-09-13 10:09:40] main_logger.INFO: ulogovan korisnik pristupa stranici login.twig, biva preusmeren na lobyid:6 [] []
[2020-09-13 10:09:40] main_logger.INFO: nelogovan korisnik pristupa stranici login.twig [] []
[2020-09-13 10:09:40] main_logger.INFO: ulogovan korisnik pristupa stranici login.twig, biva preusmeren na lobyid:6 [] []
[2020-09-13 10:09:40] main_logger.INFO: nelogovan korisnik pristupa stranici login.twig [] []
[2020-09-13 10:09:40] main_logger.INFO: ulogovan korisnik pristupa stranici login.twig, biva preusmeren na lobyid:6 [] []
[2020-09-13 10:09:40] main_logger.INFO: nelogovan korisnik pristupa stranici login.twig [] []
[2020-09-13 10:09:43] main_logger.INFO: ulogovan korisnik pristupa stranici login.twig, biva preusmeren na lobyid:6 [] []
[2020-09-13 10:09:43] main_logger.INFO: nelogovan korisnik pristupa stranici login.twig [] []
[2020-09-13 10:09:43] main_logger.INFO: ulogovan korisnik pristupa stranici login.twig, biva preusmeren na lobyid:6 [] []
[2020-09-13 10:09:43] main_logger.INFO: nelogovan korisnik pristupa stranici login.twig [] []
[2020-09-13 10:09:43] main_logger.INFO: ulogovan korisnik pristupa stranici login.twig, biva preusmeren na lobyid:6 [] []
[2020-09-13 10:09:43] main_logger.INFO: nelogovan korisnik pristupa stranici login.twig [] []
[2020-09-13 10:09:43] main_logger.INFO: ulogovan korisnik pristupa stranici login.twig, biva preusmeren na lobyid:6 [] []
[2020-09-13 10:09:43] main_logger.INFO: nelogovan korisnik pristupa stranici login.twig [] []
[2020-09-13 10:09:44] main_logger.INFO: ulogovan korisnik pristupa stranici login.twig, biva preusmeren na lobyid:6 [] []
[2020-09-13 10:09:44] main_logger.INFO: nelogovan korisnik pristupa stranici login.twig [] []
[2020-09-13 10:09:44] main_logger.INFO: ulogovan korisnik pristupa stranici login.twig, biva preusmeren na lobyid:6 [] []
[2020-09-13 10:09:44] main_logger.INFO: nelogovan korisnik pristupa stranici login.twig [] []
[2020-09-13 10:09:44] main_logger.INFO: ulogovan korisnik pristupa stranici login.twig, biva preusmeren na lobyid:6 [] []
[2020-09-13 10:09:44] main_logger.INFO: nelogovan korisnik pristupa stranici login.twig [] []
[2020-09-13 10:09:44] main_logger.INFO: ulogovan korisnik pristupa stranici login.twig, biva preusmeren na lobyid:6 [] []
[2020-09-13 10:09:44] main_logger.INFO: nelogovan korisnik pristupa stranici login.twig [] []
[2020-09-13 10:09:44] main_logger.INFO: ulogovan korisnik pristupa stranici login.twig, biva preusmeren na lobyid:6 [] []
[2020-09-13 10:09:44] main_logger.INFO: nelogovan korisnik pristupa stranici login.twig [] []
[2020-09-13 10:09:44] main_logger.INFO: ulogovan korisnik pristupa stranici login.twig, biva preusmeren na lobyid:6 [] []
[2020-09-13 10:09:44] main_logger.INFO: nelogovan korisnik pristupa stranici login.twig [] []
[2020-09-13 10:09:45] main_logger.INFO: ulogovan korisnik pristupa stranici login.twig, biva preusmeren na lobyid:6 [] []
[2020-09-13 10:09:45] main_logger.INFO: nelogovan korisnik pristupa stranici login.twig [] []
[2020-09-13 10:09:45] main_logger.INFO: ulogovan korisnik pristupa stranici login.twig, biva preusmeren na lobyid:6 [] []
[2020-09-13 10:09:45] main_logger.INFO: nelogovan korisnik pristupa stranici login.twig [] []
[2020-09-13 10:09:45] main_logger.INFO: ulogovan korisnik pristupa stranici login.twig, biva preusmeren na lobyid:6 [] []
[2020-09-13 10:09:45] main_logger.INFO: nelogovan korisnik pristupa stranici login.twig [] []
[2020-09-13 10:09:45] main_logger.INFO: ulogovan korisnik pristupa stranici login.twig, biva preusmeren na lobyid:6 [] []
[2020-09-13 10:09:45] main_logger.INFO: nelogovan korisnik pristupa stranici login.twig [] []
[2020-09-13 10:09:45] main_logger.INFO: ulogovan korisnik pristupa stranici login.twig, biva preusmeren na lobyid:6 [] []
[2020-09-13 10:09:45] main_logger.INFO: nelogovan korisnik pristupa stranici login.twig [] []
[2020-09-13 10:09:45] main_logger.INFO: ulogovan korisnik pristupa stranici login.twig, biva preusmeren na lobyid:6 [] []
[2020-09-13 10:09:45] main_logger.INFO: nelogovan korisnik pristupa stranici login.twig [] []
[2020-09-13 10:09:46] main_logger.INFO: ulogovan korisnik pristupa stranici login.twig, biva preusmeren na lobyid:6 [] []
[2020-09-13 10:09:46] main_logger.INFO: nelogovan korisnik pristupa stranici login.twig [] []
[2020-09-13 10:09:46] main_logger.INFO: ulogovan korisnik pristupa stranici login.twig, biva preusmeren na lobyid:6 [] []
[2020-09-13 10:09:46] main_logger.INFO: nelogovan korisnik pristupa stranici login.twig [] []
[2020-09-13 10:09:46] main_logger.INFO: ulogovan korisnik pristupa stranici login.twig, biva preusmeren na lobyid:6 [] []
[2020-09-13 10:09:46] main_logger.INFO: nelogovan korisnik pristupa stranici login.twig [] []
[2020-09-13 10:09:46] main_logger.INFO: ulogovan korisnik pristupa stranici login.twig, biva preusmeren na lobyid:6 [] []
[2020-09-13 10:09:46] main_logger.INFO: nelogovan korisnik pristupa stranici login.twig [] []
[2020-09-13 10:10:07] main_logger.INFO: korisnik pristupa pocetnoj stranici [id-6,auth-company] [] []
[2020-09-13 10:10:41] main_logger.INFO: korisnik pristupa pocetnoj stranici [id-6,auth-company] [] []
[2020-09-13 10:10:43] main_logger.INFO: preduzece se izlogovalo 6 [] []
[2020-09-13 10:10:43] main_logger.INFO: neulogovan korisnik pristupa stranici loby [] []
[2020-09-13 10:10:45] main_logger.INFO: pristup stranici za vrstu logovanja [] []
[2020-09-13 10:10:48] main_logger.INFO: nelogovan korisnik pristupa stranici loginPravno.twig [] []
[2020-09-13 10:10:53] main_logger.INFO: preduzece se ulogovao id:6 [] []
[2020-09-13 10:10:53] main_logger.INFO: korisnik pristupa pocetnoj stranici [id-6,auth-company] [] []
[2020-09-13 10:12:25] main_logger.INFO: korisnik pristupa pocetnoj stranici [id-6,auth-company] [] []
[2020-09-13 10:14:16] main_logger.INFO: korisnik pristupa pocetnoj stranici [id-6,auth-company] [] []
[2020-09-13 10:14:20] main_logger.INFO: korisnik pristupa pocetnoj stranici [id-6,auth-company] [] []
[2020-09-13 10:14:29] main_logger.INFO: ulogovan korisnik pristupa stranici login.twig, biva preusmeren na lobyid:6 [] []
[2020-09-13 10:14:29] main_logger.INFO: nelogovan korisnik pristupa stranici login.twig [] []
[2020-09-13 10:14:29] main_logger.INFO: korisnik pristupa pocetnoj stranici [id-6,auth-company] [] []
[2020-09-13 10:14:33] main_logger.INFO: objava uspesno obrisana (id-) [] []
[2020-09-13 10:14:33] main_logger.INFO: ulogovan korisnik pristupa stranici login.twig, biva preusmeren na lobyid:6 [] []
[2020-09-13 10:14:33] main_logger.INFO: nelogovan korisnik pristupa stranici login.twig [] []
[2020-09-13 10:14:33] main_logger.INFO: korisnik pristupa pocetnoj stranici [id-6,auth-company] [] []
[2020-09-13 10:15:07] main_logger.INFO: korisnik pristupa pocetnoj stranici [id-6,auth-company] [] []
[2020-09-13 10:15:09] main_logger.INFO: ulogovan korisnik pristupa stranici login.twig, biva preusmeren na lobyid:6 [] []
[2020-09-13 10:15:09] main_logger.INFO: nelogovan korisnik pristupa stranici login.twig [] []
[2020-09-13 10:15:09] main_logger.INFO: korisnik pristupa pocetnoj stranici [id-6,auth-company] [] []
[2020-09-13 10:15:18] main_logger.INFO: korisnik pristupa pocetnoj stranici [id-6,auth-company] [] []
[2020-09-13 10:15:23] main_logger.INFO: korisnik pristupa pocetnoj stranici [id-6,auth-company] [] []
[2020-09-13 10:15:32] main_logger.INFO: korisnik pristupa pocetnoj stranici [id-6,auth-company] [] []
[2020-09-13 10:15:36] main_logger.INFO: objava uspesno obrisana (id-) [] []
[2020-09-13 10:15:36] main_logger.INFO: ulogovan korisnik pristupa stranici login.twig, biva preusmeren na lobyid:6 [] []
[2020-09-13 10:15:36] main_logger.INFO: nelogovan korisnik pristupa stranici login.twig [] []
[2020-09-13 10:15:36] main_logger.INFO: korisnik pristupa pocetnoj stranici [id-6,auth-company] [] []
[2020-09-13 10:16:28] main_logger.INFO: ulogovan korisnik pristupa stranici login.twig, biva preusmeren na lobyid:6 [] []
[2020-09-13 10:16:28] main_logger.INFO: nelogovan korisnik pristupa stranici login.twig [] []
[2020-09-13 10:16:29] main_logger.INFO: korisnik pristupa pocetnoj stranici [id-6,auth-company] [] []
[2020-09-13 10:16:32] main_logger.INFO: ulogovan korisnik pristupa stranici login.twig, biva preusmeren na lobyid:6 [] []
[2020-09-13 10:16:32] main_logger.INFO: nelogovan korisnik pristupa stranici login.twig [] []
[2020-09-13 10:16:32] main_logger.INFO: korisnik pristupa pocetnoj stranici [id-6,auth-company] [] []
[2020-09-13 10:17:01] main_logger.INFO: korisnik pristupa pocetnoj stranici [id-6,auth-company] [] []
[2020-09-13 10:17:04] main_logger.INFO: ulogovan korisnik pristupa stranici login.twig, biva preusmeren na lobyid:6 [] []
[2020-09-13 10:17:04] main_logger.INFO: nelogovan korisnik pristupa stranici login.twig [] []
[2020-09-13 10:17:04] main_logger.INFO: korisnik pristupa pocetnoj stranici [id-6,auth-company] [] []
[2020-09-13 10:17:07] main_logger.INFO: objava uspesno obrisana (id-) [] []
[2020-09-13 10:17:07] main_logger.INFO: ulogovan korisnik pristupa stranici login.twig, biva preusmeren na lobyid:6 [] []
[2020-09-13 10:17:07] main_logger.INFO: nelogovan korisnik pristupa stranici login.twig [] []
[2020-09-13 10:17:07] main_logger.INFO: korisnik pristupa pocetnoj stranici [id-6,auth-company] [] []
[2020-09-13 10:17:18] main_logger.INFO: korisnik pristupa pocetnoj stranici [id-6,auth-company] [] []
[2020-09-13 10:17:21] main_logger.INFO: ulogovan korisnik pristupa stranici login.twig, biva preusmeren na lobyid:6 [] []
[2020-09-13 10:17:21] main_logger.INFO: nelogovan korisnik pristupa stranici login.twig [] []
[2020-09-13 10:17:22] main_logger.INFO: korisnik pristupa pocetnoj stranici [id-6,auth-company] [] []
[2020-09-13 10:17:25] main_logger.INFO: objava uspesno obrisana (id-) [] []
[2020-09-13 10:17:25] main_logger.INFO: ulogovan korisnik pristupa stranici login.twig, biva preusmeren na lobyid:6 [] []
[2020-09-13 10:17:25] main_logger.INFO: nelogovan korisnik pristupa stranici login.twig [] []
[2020-09-13 10:17:25] main_logger.INFO: korisnik pristupa pocetnoj stranici [id-6,auth-company] [] []
[2020-09-13 10:17:38] main_logger.INFO: korisnik pristupa pocetnoj stranici [id-6,auth-company] [] []
[2020-09-13 10:17:40] main_logger.INFO: ulogovan korisnik pristupa stranici login.twig, biva preusmeren na lobyid:6 [] []
[2020-09-13 10:17:40] main_logger.INFO: nelogovan korisnik pristupa stranici login.twig [] []
[2020-09-13 10:17:41] main_logger.INFO: korisnik pristupa pocetnoj stranici [id-6,auth-company] [] []
[2020-09-13 10:17:42] main_logger.INFO: ulogovan korisnik pristupa stranici login.twig, biva preusmeren na lobyid:6 [] []
[2020-09-13 10:17:42] main_logger.INFO: nelogovan korisnik pristupa stranici login.twig [] []
[2020-09-13 10:17:42] main_logger.INFO: korisnik pristupa pocetnoj stranici [id-6,auth-company] [] []
[2020-09-13 10:17:51] main_logger.INFO: korisnik pristupa pocetnoj stranici [id-6,auth-company] [] []
[2020-09-13 10:17:53] main_logger.INFO: korisnik pristupa pocetnoj stranici [id-6,auth-company] [] []
[2020-09-13 10:18:10] main_logger.INFO: korisnik pristupa pocetnoj stranici [id-6,auth-company] [] []
[2020-09-13 10:18:13] main_logger.INFO: korisnik pristupa pocetnoj stranici [id-6,auth-company] [] []
[2020-09-13 10:18:16] main_logger.INFO: korisnik pristupa pocetnoj stranici [id-6,auth-company] [] []
[2020-09-13 10:18:19] main_logger.INFO: korisnik pristupa pocetnoj stranici [id-6,auth-company] [] []
[2020-09-13 10:18:20] main_logger.INFO: korisnik pristupa pocetnoj stranici [id-6,auth-company] [] []
[2020-09-13 10:20:00] main_logger.INFO: korisnik pristupa pocetnoj stranici [id-6,auth-company] [] []
[2020-09-13 10:20:07] main_logger.INFO: preduzece se izlogovalo 6 [] []
[2020-09-13 10:20:07] main_logger.INFO: neulogovan korisnik pristupa stranici loby [] []
[2020-09-13 10:20:25] main_logger.INFO: neulogovan korisnik pristupa stranici loby [] []
[2020-09-13 10:20:58] main_logger.INFO: pristup stranici info.twig nelogovan korisnik [] []
[2020-09-13 10:21:01] main_logger.INFO: neulogovan korisnik pristupa stranici loby [] []
[2020-09-13 10:21:02] main_logger.INFO: neulogovan korisnik pristupa stranici loby [] []
[2020-09-13 10:21:03] main_logger.INFO: pristup stranici info.twig nelogovan korisnik [] []
[2020-09-13 10:41:12] main_logger.INFO: neulogovan korisnik pristupa stranici loby [] []
[2020-09-13 10:41:14] main_logger.INFO: pristup stranici info.twig nelogovan korisnik [] []
[2020-09-13 10:41:16] main_logger.INFO: pristup stranici za vrstu logovanja [] []
[2020-09-13 10:41:17] main_logger.INFO: nelogovan korisnik pristupa stranici loginPravno.twig [] []
[2020-09-13 10:41:18] main_logger.INFO: pristup stranici za zaboravljenu lozinku preduzece [] []
[2020-09-13 10:41:26] main_logger.INFO: poslat email za reser lozinke (preduzece email-nikola.tosic98@outlook.com,id-6) [] []
[2020-09-13 10:43:03] main_logger.INFO: poslat email za reser lozinke (preduzece email-nikola.tosic98@outlook.com,id-6) [] []
[2020-09-13 10:47:23] main_logger.INFO: poslat email za reser lozinke (preduzece email-nikola.tosic98@outlook.com,id-6) [] []
[2020-09-13 10:47:35] main_logger.INFO: nepostojeca stranica trazena [] []
[2020-09-13 10:47:48] main_logger.INFO: poslat email za reser lozinke (preduzece email-nikola.tosic98@outlook.com,id-6) [] []
[2020-09-13 10:48:13] main_logger.INFO: pristup stranici za vrstu logovanja [] []
[2020-09-13 10:48:14] main_logger.INFO: nelogovan korisnik pristupa stranici loginPravno.twig [] []
[2020-09-13 10:48:16] main_logger.INFO: pristup stranici za zaboravljenu lozinku preduzece [] []
[2020-09-13 10:48:20] main_logger.INFO: poslat email za reser lozinke (preduzece email-nikola.tosic98@outlook.com,id-6) [] []
[2020-09-13 10:48:38] main_logger.INFO: uspesno promenjena lozinka [] []
[2020-09-13 10:49:04] main_logger.INFO: pristup stranici za vrstu logovanja [] []
[2020-09-13 10:49:05] main_logger.INFO: nelogovan korisnik pristupa stranici loginPravno.twig [] []
[2020-09-13 10:49:05] main_logger.INFO: pristup stranici za zaboravljenu lozinku preduzece [] []
[2020-09-13 10:49:12] main_logger.INFO: poslat email za reser lozinke (preduzece email-nikola.tosic98@outlook.com,id-6) [] []
[2020-09-13 10:49:28] main_logger.INFO: uspesno promenjena lozinka [] []
[2020-09-13 10:49:31] main_logger.INFO: pristup stranici za vrstu logovanja [] []
[2020-09-13 10:49:32] main_logger.INFO: nelogovan korisnik pristupa stranici login.twig [] []
[2020-09-13 10:49:41] main_logger.INFO: pristup stranici za vrstu logovanja [] []
[2020-09-13 10:49:42] main_logger.INFO: neulogovan korisnik pristupa stranici loby [] []
[2020-09-13 12:33:05] main_logger.INFO: neulogovan korisnik pristupa stranici loby [] []
[2020-09-13 12:33:07] main_logger.INFO: pristup stranici za vrstu logovanja [] []
[2020-09-13 12:33:09] main_logger.INFO: nelogovan korisnik pristupa stranici loginPravno.twig [] []
[2020-09-13 12:33:10] main_logger.INFO: pristup stranici za zaboravljenu lozinku preduzece [] []
[2020-09-13 12:33:17] main_logger.INFO: poslat email za reser lozinke (preduzece email-nikola.tosic98@outlook.com,id-6) [] []
[2020-09-13 12:34:18] main_logger.INFO: neulogovan korisnik pristupa stranici loby [] []
[2020-09-13 12:36:00] main_logger.INFO: neulogovan korisnik pristupa stranici loby [] []
[2020-09-13 12:36:01] main_logger.INFO: pristup stranici info.twig nelogovan korisnik [] []
[2020-10-08 08:26:00] main_logger.INFO: neulogovan korisnik pristupa stranici loby [] []
[2020-10-08 08:26:18] main_logger.INFO: pristup stranici za vrstu logovanja [] []
[2020-10-08 08:26:21] main_logger.INFO: pristup stranici za vrstu registracije [] []
[2020-10-08 08:26:23] main_logger.INFO: pristup stranici za registraciju fizickog lica [] []
[2020-10-08 08:26:28] main_logger.INFO: neulogovan korisnik pristupa stranici loby [] []
[2020-10-08 08:26:35] main_logger.INFO: pretraga nije nista pronasla [] []
[2020-10-08 08:26:56] main_logger.INFO: neulogovan korisnik pristupa stranici loby [] []
[2020-10-13 16:20:09] main_logger.INFO: neulogovan korisnik pristupa stranici loby [] []
[2020-10-13 16:26:24] main_logger.INFO: neulogovan korisnik pristupa stranici loby [] []
[2020-10-13 16:26:41] main_logger.INFO: pristup stranici za vrstu registracije [] []
[2020-10-13 16:26:44] main_logger.INFO: pristup stranici za registraciju fizickog lica [] []
[2020-10-13 16:28:03] main_logger.INFO: pristup stranici za registraciju fizickog lica [] []
[2020-10-13 16:28:05] main_logger.INFO: pristup stranici za registraciju fizickog lica [] []
[2020-10-13 16:31:43] main_logger.INFO: neulogovan korisnik pristupa stranici loby [] []
[2020-10-13 16:31:50] main_logger.INFO: neulogovan korisnik pristupa stranici loby [] []
[2020-10-13 16:31:54] main_logger.INFO: neulogovan korisnik pristupa stranici loby [] []
[2020-10-13 16:32:11] main_logger.INFO: neulogovan korisnik pristupa stranici loby [] []
[2020-10-13 16:32:15] main_logger.INFO: pristup stranici za vrstu registracije [] []
[2020-10-13 16:32:17] main_logger.INFO: pristup stranici za registraciju fizickog lica [] []
[2020-10-13 16:33:18] main_logger.INFO: pristup stranici za registraciju fizickog lica [] []
[2020-10-13 16:33:41] main_logger.INFO: pristup stranici za registraciju fizickog lica [] []
[2020-10-13 16:34:00] main_logger.INFO: pristup stranici za registraciju fizickog lica [] []
[2020-10-13 16:34:10] main_logger.INFO: pristup stranici za registraciju fizickog lica [] []
[2020-10-13 16:34:50] main_logger.INFO: pristup stranici za registraciju fizickog lica [] []
[2020-10-13 16:34:58] main_logger.INFO: pristup stranici za registraciju fizickog lica [] []
[2020-10-13 16:35:11] main_logger.INFO: neulogovan korisnik pristupa stranici loby [] []
[2020-10-13 16:35:13] main_logger.INFO: pristup stranici za vrstu registracije [] []
[2020-10-13 16:35:16] main_logger.INFO: pristup stranici za registraciju fizickog lica [] []
[2020-10-13 16:35:43] main_logger.INFO: pristup stranici za registraciju fizickog lica [] []
[2020-10-13 16:36:39] main_logger.INFO: pristup stranici za vrstu registracije [] []
[2020-10-13 16:38:12] main_logger.INFO: pristup stranici za registraciju fizickog lica [] []
[2020-10-13 16:39:01] main_logger.INFO: pristup stranici za registraciju fizickog lica [] []
[2020-10-13 16:39:19] main_logger.INFO: pristup stranici za registraciju fizickog lica [] []
[2020-10-13 16:40:36] main_logger.INFO: pristup stranici za registraciju fizickog lica [] []
[2020-10-13 16:40:45] main_logger.INFO: pristup stranici za vrstu registracije [] []
[2020-10-13 16:40:46] main_logger.INFO: pristup stranici za registraciju preduzeca [] []
[2020-10-13 16:41:23] main_logger.INFO: pristup stranici za registraciju preduzeca [] []
[2020-10-13 16:41:32] main_logger.INFO: neulogovan korisnik pristupa stranici loby [] []
[2020-10-13 16:41:34] main_logger.INFO: pristup stranici za vrstu registracije [] []
[2020-10-13 16:41:35] main_logger.INFO: pristup stranici za vrstu logovanja [] []
[2020-10-13 16:41:36] main_logger.INFO: nelogovan korisnik pristupa stranici login.twig [] []
[2020-10-13 16:42:03] main_logger.INFO: pristup stranici za vrstu logovanja [] []
[2020-10-13 16:42:07] main_logger.INFO: nelogovan korisnik pristupa stranici loginPravno.twig [] []
[2020-10-13 16:42:46] main_logger.INFO: nelogovan korisnik pristupa stranici loginPravno.twig [] []
[2020-10-13 16:43:14] main_logger.INFO: nelogovan korisnik pristupa stranici loginPravno.twig [] []
[2020-10-13 16:43:16] main_logger.INFO: nelogovan korisnik pristupa stranici loginPravno.twig [] []
[2020-10-13 16:43:34] main_logger.INFO: nelogovan korisnik pristupa stranici loginPravno.twig [] []
[2020-10-13 16:43:53] main_logger.INFO: nelogovan korisnik pristupa stranici loginPravno.twig [] []
[2020-10-13 16:43:56] main_logger.INFO: nelogovan korisnik pristupa stranici loginPravno.twig [] []
[2020-10-13 16:44:03] main_logger.INFO: nelogovan korisnik pristupa stranici loginPravno.twig [] []
[2020-10-13 16:44:13] main_logger.INFO: nelogovan korisnik pristupa stranici loginPravno.twig [] []
[2020-10-13 16:44:23] main_logger.INFO: pristup stranici za vrstu logovanja [] []
[2020-10-13 16:44:24] main_logger.INFO: nelogovan korisnik pristupa stranici login.twig [] []
[2020-10-13 16:44:30] main_logger.INFO: nelogovan korisnik pristupa stranici login.twig [] []
[2020-10-13 16:45:15] main_logger.INFO: pristup stranici za vrstu logovanja [] []
[2020-10-13 16:45:17] main_logger.INFO: nelogovan korisnik pristupa stranici loginPravno.twig [] []
[2020-10-13 16:45:19] main_logger.INFO: pristup stranici za zaboravljenu lozinku preduzece [] []
[2020-10-13 16:45:26] main_logger.INFO: pristup stranici za vrstu logovanja [] []
[2020-10-13 16:45:28] main_logger.INFO: neulogovan korisnik pristupa stranici loby [] []
[2020-10-13 16:45:46] main_logger.INFO: pretraga je pronasla podudaranja [] []
[2020-10-13 16:45:51] main_logger.INFO: pristup stranici za registraciju fizickog lica [] []
[2020-10-13 16:45:57] main_logger.INFO: neulogovan korisnik pristupa stranici loby [] []
[2020-10-13 16:46:01] main_logger.INFO: neulogovan korisnik pristupa stranici loby [] []
